<?xml version="1.0" encoding="UTF-8"?>
<!-- Generated by org.testng.reporters.JUnitReportReporter -->
<testsuite hostname="DESKTOP-HN2PJ80" failures="0" tests="1" name="com.example.demo2.MainPageTest" time="14.481" errors="0" timestamp="2021-01-19T07:29:47 AMT" skipped="0">
  <testcase classname="com.example.demo2.MainPageTest" name="search" time="14.481"/>
  <system-out/>
</testsuite> <!-- com.example.demo2.MainPageTest -->
